c:\users\jf_gi\desktop\maitrise session hiver 2024\prog objet avance\proj final test github\projrecherchepatronsarchitecturaux\consoleapplication2\x64\debug\vc143.pdb
c:\users\jf_gi\desktop\maitrise session hiver 2024\prog objet avance\proj final test github\projrecherchepatronsarchitecturaux\consoleapplication2\x64\debug\vc143.idb
c:\users\jf_gi\desktop\maitrise session hiver 2024\prog objet avance\proj final test github\projrecherchepatronsarchitecturaux\consoleapplication2\x64\debug\pipe_filter.obj
c:\users\jf_gi\desktop\maitrise session hiver 2024\prog objet avance\proj final test github\projrecherchepatronsarchitecturaux\consoleapplication2\x64\debug\peer_network.obj
c:\users\jf_gi\desktop\maitrise session hiver 2024\prog objet avance\proj final test github\projrecherchepatronsarchitecturaux\consoleapplication2\x64\debug\view.obj
c:\users\jf_gi\desktop\maitrise session hiver 2024\prog objet avance\proj final test github\projrecherchepatronsarchitecturaux\consoleapplication2\x64\debug\model.obj
c:\users\jf_gi\desktop\maitrise session hiver 2024\prog objet avance\proj final test github\projrecherchepatronsarchitecturaux\consoleapplication2\x64\debug\controller.obj
c:\users\jf_gi\desktop\maitrise session hiver 2024\prog objet avance\proj final test github\projrecherchepatronsarchitecturaux\consoleapplication2\x64\debug\velocity.obj
c:\users\jf_gi\desktop\maitrise session hiver 2024\prog objet avance\proj final test github\projrecherchepatronsarchitecturaux\consoleapplication2\x64\debug\position.obj
c:\users\jf_gi\desktop\maitrise session hiver 2024\prog objet avance\proj final test github\projrecherchepatronsarchitecturaux\consoleapplication2\x64\debug\movementsystem.obj
c:\users\jf_gi\desktop\maitrise session hiver 2024\prog objet avance\proj final test github\projrecherchepatronsarchitecturaux\consoleapplication2\x64\debug\gameobject.obj
c:\users\jf_gi\desktop\maitrise session hiver 2024\prog objet avance\proj final test github\projrecherchepatronsarchitecturaux\consoleapplication2\x64\debug\components.obj
c:\users\jf_gi\desktop\maitrise session hiver 2024\prog objet avance\proj final test github\projrecherchepatronsarchitecturaux\consoleapplication2\x64\debug\eventhandler.obj
c:\users\jf_gi\desktop\maitrise session hiver 2024\prog objet avance\proj final test github\projrecherchepatronsarchitecturaux\consoleapplication2\x64\debug\eventdriven.obj
c:\users\jf_gi\desktop\maitrise session hiver 2024\prog objet avance\proj final test github\projrecherchepatronsarchitecturaux\consoleapplication2\x64\debug\eventdispatcher.obj
c:\users\jf_gi\desktop\maitrise session hiver 2024\prog objet avance\proj final test github\projrecherchepatronsarchitecturaux\consoleapplication2\x64\debug\event.obj
c:\users\jf_gi\desktop\maitrise session hiver 2024\prog objet avance\proj final test github\projrecherchepatronsarchitecturaux\consoleapplication2\x64\debug\consoleapplication2.obj
c:\users\jf_gi\desktop\maitrise session hiver 2024\prog objet avance\proj final test github\projrecherchepatronsarchitecturaux\consoleapplication2\x64\debug\entity.obj
c:\users\jf_gi\desktop\maitrise session hiver 2024\prog objet avance\proj final test github\projrecherchepatronsarchitecturaux\consoleapplication2\x64\debug\broker.obj
c:\users\jf_gi\desktop\maitrise session hiver 2024\prog objet avance\proj final test github\projrecherchepatronsarchitecturaux\consoleapplication2\x64\debug\consoleapplication2.ilk
c:\users\jf_gi\desktop\maitrise session hiver 2024\prog objet avance\proj final test github\projrecherchepatronsarchitecturaux\x64\debug\consoleapplication2.pdb
c:\users\jf_gi\desktop\maitrise session hiver 2024\prog objet avance\proj final test github\projrecherchepatronsarchitecturaux\x64\debug\consoleapplication2.exe
c:\users\jf_gi\desktop\maitrise session hiver 2024\prog objet avance\proj final test github\projrecherchepatronsarchitecturaux\consoleapplication2\x64\debug\consolea.b9bcb310.tlog\cl.command.1.tlog
c:\users\jf_gi\desktop\maitrise session hiver 2024\prog objet avance\proj final test github\projrecherchepatronsarchitecturaux\consoleapplication2\x64\debug\consolea.b9bcb310.tlog\cl.items.tlog
c:\users\jf_gi\desktop\maitrise session hiver 2024\prog objet avance\proj final test github\projrecherchepatronsarchitecturaux\consoleapplication2\x64\debug\consolea.b9bcb310.tlog\cl.read.1.tlog
c:\users\jf_gi\desktop\maitrise session hiver 2024\prog objet avance\proj final test github\projrecherchepatronsarchitecturaux\consoleapplication2\x64\debug\consolea.b9bcb310.tlog\cl.write.1.tlog
c:\users\jf_gi\desktop\maitrise session hiver 2024\prog objet avance\proj final test github\projrecherchepatronsarchitecturaux\consoleapplication2\x64\debug\consolea.b9bcb310.tlog\link.command.1.tlog
c:\users\jf_gi\desktop\maitrise session hiver 2024\prog objet avance\proj final test github\projrecherchepatronsarchitecturaux\consoleapplication2\x64\debug\consolea.b9bcb310.tlog\link.read.1.tlog
c:\users\jf_gi\desktop\maitrise session hiver 2024\prog objet avance\proj final test github\projrecherchepatronsarchitecturaux\consoleapplication2\x64\debug\consolea.b9bcb310.tlog\link.write.1.tlog
